{
  "RSpec": {
    "coverage": {
      "/Users/junhyuklee/Desktop/1. TAMU/0. Texas A&M/0. Material/4. Project/CSE_SW Eng/main/1126/EA-Block-Scheduling/app/controllers/application_controller.rb": {
        "lines": [
          1,
          1,
          1,
          null,
          null,
          1,
          null,
          1,
          30,
          null,
          null,
          null,
          1,
          4,
          1,
          null,
          null,
          null
        ]
      },
      "/Users/junhyuklee/Desktop/1. TAMU/0. Texas A&M/0. Material/4. Project/CSE_SW Eng/main/1126/EA-Block-Scheduling/app/controllers/blocks_controller.rb": {
        "lines": [
          1,
          1,
          11,
          null,
          1,
          1,
          1,
          1,
          null,
          null,
          1,
          4,
          4,
          4,
          null,
          null,
          1,
          2,
          1,
          1,
          null,
          1,
          null,
          null,
          null,
          1,
          3,
          null,
          3,
          4,
          3,
          2,
          2,
          null,
          null,
          null,
          null
        ]
      },
      "/Users/junhyuklee/Desktop/1. TAMU/0. Texas A&M/0. Material/4. Project/CSE_SW Eng/main/1126/EA-Block-Scheduling/app/controllers/courses_controller.rb": {
        "lines": [
          1,
          1,
          null,
          null,
          1,
          null,
          null,
          1,
          2,
          2,
          null,
          2,
          1,
          1,
          null,
          null,
          null,
          null,
          null,
          1,
          2,
          null,
          null,
          null,
          1,
          4,
          null,
          4,
          2,
          2,
          null,
          2,
          2,
          null,
          null,
          null,
          null,
          1,
          3,
          2,
          2,
          null,
          1,
          1,
          null,
          null,
          null,
          null,
          1,
          2,
          2,
          2,
          2,
          null,
          null,
          1,
          0,
          null,
          null,
          null,
          1,
          0,
          0,
          0,
          null,
          null,
          null,
          null,
          null,
          null,
          null,
          null,
          null,
          1,
          null,
          null,
          null,
          null,
          null,
          null,
          null,
          null,
          null,
          null,
          null,
          null,
          null,
          null,
          null,
          null,
          null,
          null,
          null,
          null,
          null,
          null,
          null,
          null,
          null,
          1,
          7,
          null,
          null,
          null,
          1,
          7,
          null,
          null,
          null,
          null,
          null,
          null,
          null,
          null,
          null,
          null,
          null,
          null,
          null,
          null,
          null,
          null,
          null,
          null,
          null,
          null,
          null,
          null,
          null,
          null,
          null,
          null,
          null,
          null,
          null,
          null,
          null
        ]
      }
    },
    "timestamp": 1732645811
  },
  "Cucumber Features": {
    "coverage": {
      "/Users/junhyuklee/Desktop/1. TAMU/0. Texas A&M/0. Material/4. Project/CSE_SW Eng/main/1126/EA-Block-Scheduling/app/services/file_parser.rb": {
        "lines": [
          null,
          null,
          1,
          1,
          1,
          1,
          null,
          null,
          1,
          1,
          1,
          null,
          1,
          3,
          3,
          1,
          2,
          1,
          null,
          1,
          null,
          3,
          3,
          3,
          null,
          null,
          1,
          3,
          1,
          null,
          2,
          1,
          1,
          1,
          1,
          1,
          null,
          null,
          1,
          null,
          null,
          null,
          1,
          3,
          null,
          1,
          null,
          1,
          null,
          1,
          null,
          null,
          null,
          1,
          2,
          null,
          2,
          2,
          2,
          2,
          44,
          44,
          38,
          38,
          null,
          null,
          2,
          2,
          null,
          0,
          0,
          null,
          null,
          null,
          null,
          1,
          3,
          3,
          null,
          null,
          1,
          1,
          1,
          null,
          null,
          null,
          1,
          38,
          38,
          38,
          38,
          38,
          38,
          38,
          null,
          null,
          1,
          2,
          38,
          null,
          null,
          null,
          null,
          null,
          null
        ]
      },
      "/Users/junhyuklee/Desktop/1. TAMU/0. Texas A&M/0. Material/4. Project/CSE_SW Eng/main/1126/EA-Block-Scheduling/app/controllers/sessions_controller.rb": {
        "lines": [
          1,
          1,
          1,
          null,
          1,
          1,
          1,
          null,
          null,
          1,
          1,
          null,
          null,
          null,
          1,
          20,
          20,
          18,
          18,
          18,
          18,
          null,
          null,
          20,
          20,
          null,
          20,
          1,
          null,
          19,
          null,
          null,
          0,
          null,
          null,
          null
        ]
      },
      "/Users/junhyuklee/Desktop/1. TAMU/0. Texas A&M/0. Material/4. Project/CSE_SW Eng/main/1126/EA-Block-Scheduling/app/controllers/application_controller.rb": {
        "lines": [
          1,
          1,
          1,
          null,
          null,
          1,
          null,
          1,
          135,
          null,
          null,
          null,
          1,
          4,
          3,
          null,
          null,
          null
        ]
      },
      "/Users/junhyuklee/Desktop/1. TAMU/0. Texas A&M/0. Material/4. Project/CSE_SW Eng/main/1126/EA-Block-Scheduling/app/helpers/application_helper.rb": {
        "lines": [
          1,
          1,
          0,
          0,
          null,
          0,
          null,
          null,
          1,
          null,
          1,
          0,
          null,
          null,
          1,
          null,
          0,
          null,
          null,
          1,
          null,
          null,
          null,
          1,
          65,
          null,
          null,
          1,
          45,
          null,
          null
        ]
      },
      "/Users/junhyuklee/Desktop/1. TAMU/0. Texas A&M/0. Material/4. Project/CSE_SW Eng/main/1126/EA-Block-Scheduling/app/helpers/admin_helper.rb": {
        "lines": [
          1,
          null
        ]
      },
      "/Users/junhyuklee/Desktop/1. TAMU/0. Texas A&M/0. Material/4. Project/CSE_SW Eng/main/1126/EA-Block-Scheduling/app/helpers/blocks_helper.rb": {
        "lines": [
          1,
          null
        ]
      },
      "/Users/junhyuklee/Desktop/1. TAMU/0. Texas A&M/0. Material/4. Project/CSE_SW Eng/main/1126/EA-Block-Scheduling/app/helpers/courses_helper.rb": {
        "lines": [
          1,
          1,
          1,
          1,
          0,
          null,
          null,
          1,
          0,
          null,
          0,
          0,
          null,
          null,
          null,
          null,
          1,
          0,
          0,
          0,
          null,
          null,
          null,
          1,
          0,
          0,
          0,
          null,
          null,
          null,
          1,
          null,
          0,
          null,
          null,
          null,
          null,
          1,
          null,
          0,
          null,
          null,
          null,
          null,
          null,
          null,
          null,
          null,
          null,
          null,
          null,
          null,
          null,
          1,
          null,
          0,
          null,
          null,
          null,
          null,
          null,
          null,
          null
        ]
      },
      "/Users/junhyuklee/Desktop/1. TAMU/0. Texas A&M/0. Material/4. Project/CSE_SW Eng/main/1126/EA-Block-Scheduling/app/helpers/excel_files_helper.rb": {
        "lines": [
          1,
          1,
          2,
          2,
          null,
          null
        ]
      },
      "/Users/junhyuklee/Desktop/1. TAMU/0. Texas A&M/0. Material/4. Project/CSE_SW Eng/main/1126/EA-Block-Scheduling/app/controllers/students_controller.rb": {
        "lines": [
          1,
          1,
          null,
          null
        ]
      },
      "/Users/junhyuklee/Desktop/1. TAMU/0. Texas A&M/0. Material/4. Project/CSE_SW Eng/main/1126/EA-Block-Scheduling/app/controllers/admin_controller.rb": {
        "lines": [
          null,
          1,
          1,
          null,
          1,
          null,
          null,
          null,
          1,
          null
        ]
      },
      "/Users/junhyuklee/Desktop/1. TAMU/0. Texas A&M/0. Material/4. Project/CSE_SW Eng/main/1126/EA-Block-Scheduling/app/controllers/blocks_controller.rb": {
        "lines": [
          1,
          1,
          7,
          null,
          1,
          3,
          3,
          3,
          null,
          null,
          1,
          1,
          1,
          1,
          null,
          null,
          1,
          2,
          1,
          1,
          null,
          1,
          null,
          null,
          null,
          1,
          0,
          null,
          0,
          0,
          0,
          0,
          0,
          null,
          null,
          null,
          null
        ]
      },
      "/Users/junhyuklee/Desktop/1. TAMU/0. Texas A&M/0. Material/4. Project/CSE_SW Eng/main/1126/EA-Block-Scheduling/app/controllers/courses_controller.rb": {
        "lines": [
          1,
          1,
          null,
          null,
          1,
          null,
          null,
          1,
          10,
          10,
          null,
          10,
          35,
          0,
          null,
          null,
          null,
          null,
          null,
          1,
          0,
          null,
          null,
          null,
          1,
          3,
          null,
          3,
          3,
          3,
          null,
          0,
          0,
          null,
          null,
          null,
          null,
          1,
          0,
          0,
          0,
          null,
          0,
          0,
          null,
          null,
          null,
          null,
          1,
          1,
          1,
          1,
          1,
          null,
          null,
          1,
          3,
          null,
          null,
          null,
          1,
          1,
          1,
          1,
          null,
          null,
          null,
          null,
          null,
          null,
          null,
          null,
          null,
          1,
          null,
          null,
          null,
          null,
          null,
          null,
          null,
          null,
          null,
          null,
          null,
          null,
          null,
          null,
          null,
          null,
          null,
          null,
          null,
          null,
          null,
          null,
          null,
          null,
          null,
          1,
          1,
          null,
          null,
          null,
          1,
          3,
          null,
          null,
          null,
          null,
          null,
          null,
          null,
          null,
          null,
          null,
          null,
          null,
          null,
          null,
          null,
          null,
          null,
          null,
          null,
          null,
          null,
          null,
          null,
          null,
          null,
          null,
          null,
          null,
          null,
          null,
          null
        ]
      },
      "/Users/junhyuklee/Desktop/1. TAMU/0. Texas A&M/0. Material/4. Project/CSE_SW Eng/main/1126/EA-Block-Scheduling/app/controllers/excel_files_controller.rb": {
        "lines": [
          1,
          null,
          1,
          1,
          1,
          1,
          null,
          null,
          1,
          0,
          null,
          null,
          null,
          1,
          null,
          null,
          null,
          1,
          2,
          null,
          null,
          null,
          1,
          null,
          null,
          null,
          1,
          1,
          1,
          1,
          0,
          0,
          null,
          1,
          2,
          1,
          null,
          1,
          null,
          null,
          null,
          null,
          1,
          0,
          0,
          0,
          0,
          null,
          0,
          0,
          null,
          null,
          null,
          null,
          null,
          1,
          0,
          null,
          0,
          0,
          0,
          null,
          null,
          null,
          1,
          null,
          null,
          1,
          0,
          null,
          null,
          null,
          1,
          1,
          null,
          null
        ]
      },
      "/Users/junhyuklee/Desktop/1. TAMU/0. Texas A&M/0. Material/4. Project/CSE_SW Eng/main/1126/EA-Block-Scheduling/app/controllers/schedules_controller.rb": {
        "lines": [
          1,
          1,
          null,
          null,
          3,
          null,
          null,
          null,
          null,
          null
        ]
      },
      "/Users/junhyuklee/Desktop/1. TAMU/0. Texas A&M/0. Material/4. Project/CSE_SW Eng/main/1126/EA-Block-Scheduling/app/controllers/users_controller.rb": {
        "lines": [
          1,
          1,
          1,
          null,
          1,
          0,
          null,
          null,
          1,
          0,
          0,
          null,
          null,
          1,
          0,
          null,
          null,
          1,
          1,
          null,
          null,
          1,
          0,
          0,
          0,
          0,
          null,
          null,
          1,
          null,
          1,
          0,
          null,
          null
        ]
      },
      "/Users/junhyuklee/Desktop/1. TAMU/0. Texas A&M/0. Material/4. Project/CSE_SW Eng/main/1126/EA-Block-Scheduling/app/controllers/pages_controller.rb": {
        "lines": [
          null,
          null,
          0,
          0,
          null,
          0,
          0,
          0,
          null,
          0,
          0,
          0,
          0,
          0
        ],
        "branches": {}
      }
    },
    "timestamp": 1732645855
  }
}
